2018-09-11 17:27:24,182 - suit.close_browser -INFO - *********************Execution Start for: suit.open_browser************************
2018-09-11 17:27:24,335 - reader_writer.excelWriter -INFO - *************************Prepare Data Set for suit.open_browser from excel com.aislend.OpenBrowser.xlsx *******************************************************************
2018-09-11 17:27:25,013 - reader_writer.excelWriter -INFO - *************************** Data set Ready for suit.open_browser ***************************************
2018-09-11 17:27:25,014 - reader_writer.excelWriter -INFO - ******************************* Intializing Recorder *************************************
2018-09-11 17:27:25,222 - reader_writer.excelWriter -INFO - ************************************** Start Execution suit.open_browser *********************************************
2018-09-11 17:27:25,701 - reader_writer.excelWriter -INFO - suit.open_browser: Test case US_ID_01_TC_CityMarket_01 is executing
2018-09-11 17:27:25,770 - action.action_execute -INFO - Select Action: OpenBrowser
2018-09-11 17:27:25,771 - action.action_execute -INFO - Action Selected: OpenBrowser
2018-09-11 17:27:25,773 - action.action_execute -INFO - Perform Action: Open Browser
2018-09-11 17:27:25,794 - action.action_execute -INFO - Open Env: Window
2018-09-11 17:27:25,795 - action.action_execute -INFO - Open Browser: Chrome
2018-09-11 17:27:25,795 - action.action_execute -INFO - Set Configuration for Browser: Chrome
2018-09-11 17:27:25,955 - action.action_execute -INFO - Creating object for browserChrome
2018-09-11 17:27:29,629 - action.action_execute -INFO - Browser Opened successfully: Chrome
2018-09-11 17:27:29,629 - action.action_execute -INFO - Deleting all cookies for: Chrome
2018-09-11 17:27:31,051 - action.action_execute -INFO - Set Configuration for Browser: Chrome
2018-09-11 17:27:31,054 - action.action_execute -INFO - Creating object for browserChrome
2018-09-11 17:27:31,055 - action.action_execute -INFO - Browser Opened successfully: Chrome
2018-09-11 17:27:31,055 - action.action_execute -INFO - Deleting all cookies for: Chrome
2018-09-11 17:27:31,055 - action.action_execute -INFO - Status of Open Browser: 1
2018-09-11 17:27:31,055 - action.action_execute -INFO - Action Executed: OpenBrowser
2018-09-11 17:27:31,056 - action.action_execute -INFO - Status of Action OpenBrowser: 1
2018-09-11 17:27:31,056 - action.action_execute -INFO - log captured for action: OpenBrowser
2018-09-11 17:27:31,056 - action.action_execute -INFO - suit.open_browser: Execution complete for Test case US_ID_01_TC_CityMarket_01
2018-09-11 17:27:31,057 - action.action_execute -INFO - suit.open_browser: Taking Screenshot for Test case US_ID_01_TC_CityMarket_01
2018-09-11 17:27:31,377 - action.action_execute -INFO - Writing output in excel file
2018-09-11 17:27:31,692 - action.action_execute -INFO - Output written
2018-09-11 17:27:31,692 - action.action_execute -INFO - suit.open_browser: Test case US_ID_01_TC_CityMarket_02 is executing
2018-09-11 17:27:31,728 - action.action_execute -INFO - Select Action: GetURL
2018-09-11 17:27:31,728 - action.action_execute -INFO - Select Action: GetURL
2018-09-11 17:27:31,728 - action.action_execute -INFO - Perform Action: Get URL
2018-09-11 17:27:50,580 - action.action_execute -INFO - URL opened Successfully: https://www.citymarketnorwalk.com/
2018-09-11 17:27:50,581 - action.action_execute -INFO - Status of Get URL: 1
2018-09-11 17:27:50,581 - action.action_execute -INFO - Action Executed: GetURL
2018-09-11 17:27:50,581 - action.action_execute -INFO - Status of Action GetURL: 1
2018-09-11 17:27:50,582 - action.action_execute -INFO - log captured for action: GetURL
2018-09-11 17:27:50,582 - action.action_execute -INFO - suit.open_browser: Execution complete for Test case US_ID_01_TC_CityMarket_02
2018-09-11 17:27:50,582 - action.action_execute -INFO - suit.open_browser: Taking Screenshot for Test case US_ID_01_TC_CityMarket_02
2018-09-11 17:27:51,096 - action.action_execute -INFO - Writing output in excel file
2018-09-11 17:27:51,347 - action.action_execute -INFO - Output written
2018-09-11 17:27:51,348 - action.action_execute -INFO - suit.open_browser: Test case US_ID_01_TC_CityMarket_03 is executing
2018-09-11 17:27:51,408 - action.action_execute -INFO - Select Action: Click
2018-09-11 17:27:51,408 - action.action_execute -INFO - Select Action: Click
2018-09-11 17:27:51,409 - action.action_execute -INFO - Perform Action: Click
2018-09-11 17:27:51,691 - action.action_execute -INFO - click perfomed
2018-09-11 17:27:51,691 - action.action_execute -INFO - Status of Click: 1
2018-09-11 17:27:51,691 - action.action_execute -INFO - Action Executed: Click
2018-09-11 17:27:51,691 - action.action_execute -INFO - Status of Action Click: 1
2018-09-11 17:27:51,691 - action.action_execute -INFO - log captured for action: Click
2018-09-11 17:27:51,691 - action.action_execute -INFO - suit.open_browser: Execution complete for Test case US_ID_01_TC_CityMarket_03
2018-09-11 17:27:51,692 - action.action_execute -INFO - suit.open_browser: Taking Screenshot for Test case US_ID_01_TC_CityMarket_03
2018-09-11 17:27:52,191 - action.action_execute -INFO - Writing output in excel file
2018-09-11 17:27:52,407 - action.action_execute -INFO - Output written
2018-09-11 17:27:52,969 - action.action_execute -INFO - *********************Execution Start for: checkout************************
2018-09-11 17:27:53,039 - reader_writer.excelWriter -INFO - *************************Prepare Data Set for checkoutfrom excel com.aislend.Checkout.xlsx *******************************************************************
2018-09-11 17:27:53,132 - reader_writer.excelWriter -INFO - *************************** Data set Ready for checkout ***************************************
2018-09-11 17:27:53,133 - reader_writer.excelWriter -INFO - ******************************* Intializing Recorder *************************************
2018-09-11 17:27:53,192 - reader_writer.excelWriter -INFO - ************************************** Start Execution checkout *********************************************
2018-09-11 17:27:53,196 - reader_writer.excelWriter -INFO - checkout: Test case US_ID_01_TC_CityMarket_01 is executing
2018-09-11 17:27:53,254 - action.action_execute -INFO - Select Action: VerifyTitle
2018-09-11 17:27:53,255 - action.action_execute -INFO - Select Action: VerifyTitle
2018-09-11 17:27:53,255 - action.action_execute -INFO - Perform Action: verify Title
2018-09-11 17:27:53,274 - action.action_execute -INFO - title verified: City Market Norwalk - Online Grocery Supermarket with Home Delivery
2018-09-11 17:27:53,274 - action.action_execute -INFO - Status of verify Title: 1
2018-09-11 17:27:53,279 - action.action_execute -INFO - Action Executed: VerifyTitle
2018-09-11 17:27:53,279 - action.action_execute -INFO - Status of Action VerifyTitle: 1
2018-09-11 17:27:53,279 - action.action_execute -INFO - log captured for action: VerifyTitle
2018-09-11 17:27:53,280 - action.action_execute -INFO - checkout: Execution complete for Test case US_ID_01_TC_CityMarket_01
2018-09-11 17:27:53,280 - action.action_execute -INFO - checkout: Taking Screenshot for Test case US_ID_01_TC_CityMarket_01
2018-09-11 17:27:53,907 - action.action_execute -INFO - Writing output in excel file
2018-09-11 17:27:54,100 - action.action_execute -INFO - Output written
2018-09-11 17:27:54,101 - action.action_execute -INFO - checkout: Test case US_ID_01_TC_CityMarket_02 is executing
2018-09-11 17:27:54,185 - action.action_execute -INFO - Select Action: VerifyElement
2018-09-11 17:27:54,186 - action.action_execute -INFO - Select Action: VerifyElement
2018-09-11 17:27:54,186 - action.action_execute -INFO - Perform Action: verify Element
2018-09-11 17:27:54,442 - action.action_execute -INFO - Verify Element
2018-09-11 17:27:54,442 - action.action_execute -INFO - Status of verify Element: 1
2018-09-11 17:27:54,442 - action.action_execute -INFO - Action Executed: VerifyElement
2018-09-11 17:27:54,442 - action.action_execute -INFO - Status of Action VerifyElement: 1
2018-09-11 17:27:54,442 - action.action_execute -INFO - log captured for action: VerifyElement
2018-09-11 17:27:54,443 - action.action_execute -INFO - checkout: Execution complete for Test case US_ID_01_TC_CityMarket_02
2018-09-11 17:27:54,443 - action.action_execute -INFO - checkout: Taking Screenshot for Test case US_ID_01_TC_CityMarket_02
2018-09-11 17:27:55,094 - action.action_execute -INFO - Writing output in excel file
2018-09-11 17:27:55,574 - action.action_execute -INFO - Output written
2018-09-11 17:27:55,574 - action.action_execute -INFO - checkout: Test case US_ID_01_TC_CityMarket_03 is executing
2018-09-11 17:27:55,683 - action.action_execute -INFO - Select Action: Click
2018-09-11 17:27:55,685 - action.action_execute -INFO - Select Action: Click
2018-09-11 17:27:55,687 - action.action_execute -INFO - Perform Action: Click
2018-09-11 17:27:55,976 - action.action_execute -INFO - click perfomed
2018-09-11 17:27:55,977 - action.action_execute -INFO - Status of Click: 1
2018-09-11 17:27:55,977 - action.action_execute -INFO - Action Executed: Click
2018-09-11 17:27:55,977 - action.action_execute -INFO - Status of Action Click: 1
2018-09-11 17:27:55,977 - action.action_execute -INFO - log captured for action: Click
2018-09-11 17:27:55,978 - action.action_execute -INFO - checkout: Execution complete for Test case US_ID_01_TC_CityMarket_03
2018-09-11 17:27:55,979 - action.action_execute -INFO - checkout: Taking Screenshot for Test case US_ID_01_TC_CityMarket_03
2018-09-11 17:27:56,632 - action.action_execute -INFO - Writing output in excel file
2018-09-11 17:27:56,804 - action.action_execute -INFO - Output written
2018-09-11 17:27:56,804 - action.action_execute -INFO - checkout: Test case US_ID_01_TC_CityMarket_04 is executing
2018-09-11 17:27:56,843 - action.action_execute -INFO - Select Action: VerifyElement
2018-09-11 17:27:56,843 - action.action_execute -INFO - Select Action: VerifyElement
2018-09-11 17:27:56,843 - action.action_execute -INFO - Perform Action: verify Element
2018-09-11 17:27:56,917 - action.action_execute -INFO - Verify Element
2018-09-11 17:27:56,917 - action.action_execute -INFO - Status of verify Element: 1
2018-09-11 17:27:56,918 - action.action_execute -INFO - Action Executed: VerifyElement
2018-09-11 17:27:56,918 - action.action_execute -INFO - Status of Action VerifyElement: 1
2018-09-11 17:27:56,918 - action.action_execute -INFO - log captured for action: VerifyElement
2018-09-11 17:27:56,918 - action.action_execute -INFO - checkout: Execution complete for Test case US_ID_01_TC_CityMarket_04
2018-09-11 17:27:56,918 - action.action_execute -INFO - checkout: Taking Screenshot for Test case US_ID_01_TC_CityMarket_04
2018-09-11 17:27:57,591 - action.action_execute -INFO - Writing output in excel file
2018-09-11 17:27:57,871 - action.action_execute -INFO - Output written
2018-09-11 17:27:57,871 - action.action_execute -INFO - checkout: Test case US_ID_01_TC_CityMarket_05 is executing
2018-09-11 17:27:57,973 - action.action_execute -INFO - Select Action: SetText
2018-09-11 17:27:57,973 - action.action_execute -INFO - Select Action: SetText
2018-09-11 17:27:57,973 - action.action_execute -INFO - Perform Action: SetText
2018-09-11 17:27:58,822 - action.action_execute -INFO - Text Entered
2018-09-11 17:27:58,823 - action.action_execute -INFO - Status of SetText: 1
2018-09-11 17:27:58,823 - action.action_execute -INFO - Action Executed: SetText
2018-09-11 17:27:58,823 - action.action_execute -INFO - Status of Action SetText: 1
2018-09-11 17:27:58,823 - action.action_execute -INFO - log captured for action: SetText
2018-09-11 17:27:58,824 - action.action_execute -INFO - checkout: Execution complete for Test case US_ID_01_TC_CityMarket_05
2018-09-11 17:27:58,824 - action.action_execute -INFO - checkout: Taking Screenshot for Test case US_ID_01_TC_CityMarket_05
2018-09-11 17:27:59,454 - action.action_execute -INFO - Writing output in excel file
2018-09-11 17:27:59,765 - action.action_execute -INFO - Output written
2018-09-11 17:27:59,765 - action.action_execute -INFO - checkout: Test case US_ID_01_TC_CityMarket_06 is executing
2018-09-11 17:27:59,802 - action.action_execute -INFO - Select Action: SetText
2018-09-11 17:27:59,802 - action.action_execute -INFO - Select Action: SetText
2018-09-11 17:27:59,802 - action.action_execute -INFO - Perform Action: SetText
2018-09-11 17:28:00,057 - action.action_execute -INFO - Text Entered
2018-09-11 17:28:00,058 - action.action_execute -INFO - Status of SetText: 1
2018-09-11 17:28:00,058 - action.action_execute -INFO - Action Executed: SetText
2018-09-11 17:28:00,059 - action.action_execute -INFO - Status of Action SetText: 1
2018-09-11 17:28:00,059 - action.action_execute -INFO - log captured for action: SetText
2018-09-11 17:28:00,059 - action.action_execute -INFO - checkout: Execution complete for Test case US_ID_01_TC_CityMarket_06
2018-09-11 17:28:00,059 - action.action_execute -INFO - checkout: Taking Screenshot for Test case US_ID_01_TC_CityMarket_06
2018-09-11 17:28:00,554 - action.action_execute -INFO - Writing output in excel file
2018-09-11 17:28:00,720 - action.action_execute -INFO - Output written
2018-09-11 17:28:00,720 - action.action_execute -INFO - checkout: Test case US_ID_01_TC_CityMarket_07 is executing
2018-09-11 17:28:00,761 - action.action_execute -INFO - Select Action: Click
2018-09-11 17:28:00,762 - action.action_execute -INFO - Select Action: Click
2018-09-11 17:28:00,762 - action.action_execute -INFO - Perform Action: Click
2018-09-11 17:28:00,986 - action.action_execute -INFO - click perfomed
2018-09-11 17:28:00,986 - action.action_execute -INFO - Status of Click: 1
2018-09-11 17:28:00,987 - action.action_execute -INFO - Action Executed: Click
2018-09-11 17:28:00,987 - action.action_execute -INFO - Status of Action Click: 1
2018-09-11 17:28:00,987 - action.action_execute -INFO - log captured for action: Click
2018-09-11 17:28:00,987 - action.action_execute -INFO - checkout: Execution complete for Test case US_ID_01_TC_CityMarket_07
2018-09-11 17:28:00,987 - action.action_execute -INFO - checkout: Taking Screenshot for Test case US_ID_01_TC_CityMarket_07
2018-09-11 17:28:08,879 - action.action_execute -INFO - Writing output in excel file
2018-09-11 17:28:09,083 - action.action_execute -INFO - Output written
2018-09-11 17:28:09,083 - action.action_execute -INFO - checkout: Test case US_ID_01_TC_CityMarket_08 is executing
2018-09-11 17:28:09,147 - action.action_execute -INFO - Select Action: VerifyText
2018-09-11 17:28:09,148 - action.action_execute -INFO - Select Action: VerifyText
2018-09-11 17:28:09,148 - action.action_execute -INFO - Perform Action: Verify text
2018-09-11 17:28:11,294 - action.action_execute -INFO - Verify Element
2018-09-11 17:28:11,294 - action.action_execute -INFO - Status of verify Element: 1
2018-09-11 17:28:11,294 - action.action_execute -INFO - Action Executed: VerifyText
2018-09-11 17:28:11,294 - action.action_execute -INFO - Status of Action VerifyText: 1
2018-09-11 17:28:11,294 - action.action_execute -INFO - log captured for action: VerifyText
2018-09-11 17:28:11,294 - action.action_execute -INFO - checkout: Execution complete for Test case US_ID_01_TC_CityMarket_08
2018-09-11 17:28:11,294 - action.action_execute -INFO - checkout: Taking Screenshot for Test case US_ID_01_TC_CityMarket_08
2018-09-11 17:28:11,779 - action.action_execute -INFO - Writing output in excel file
2018-09-11 17:28:11,916 - action.action_execute -INFO - Output written
2018-09-11 17:28:11,917 - action.action_execute -INFO - checkout: Test case US_ID_01_TC_CityMarket_09 is executing
2018-09-11 17:28:11,995 - action.action_execute -INFO - Select Action: VerifyTitle
2018-09-11 17:28:11,996 - action.action_execute -INFO - Select Action: VerifyTitle
2018-09-11 17:28:11,996 - action.action_execute -INFO - Perform Action: verify Title
2018-09-11 17:28:12,003 - action.action_execute -INFO - title verified: City Market Norwalk - Online Grocery Supermarket with Home Delivery
2018-09-11 17:28:12,004 - action.action_execute -INFO - Status of verify Title: 1
2018-09-11 17:28:12,004 - action.action_execute -INFO - Action Executed: VerifyTitle
2018-09-11 17:28:12,005 - action.action_execute -INFO - Status of Action VerifyTitle: 1
2018-09-11 17:28:12,005 - action.action_execute -INFO - log captured for action: VerifyTitle
2018-09-11 17:28:12,005 - action.action_execute -INFO - checkout: Execution complete for Test case US_ID_01_TC_CityMarket_09
2018-09-11 17:28:12,006 - action.action_execute -INFO - checkout: Taking Screenshot for Test case US_ID_01_TC_CityMarket_09
2018-09-11 17:28:12,524 - action.action_execute -INFO - Writing output in excel file
2018-09-11 17:28:12,656 - action.action_execute -INFO - Output written
2018-09-11 17:28:12,657 - action.action_execute -INFO - checkout: Test case US_ID_01_TC_CityMarket_10 is executing
2018-09-11 17:28:12,700 - action.action_execute -INFO - Select Action: VerifyElement
2018-09-11 17:28:12,701 - action.action_execute -INFO - Select Action: VerifyElement
2018-09-11 17:28:12,701 - action.action_execute -INFO - Perform Action: verify Element
2018-09-11 17:28:12,791 - action.action_execute -INFO - Verify Element
2018-09-11 17:28:12,791 - action.action_execute -INFO - Status of verify Element: 1
2018-09-11 17:28:12,791 - action.action_execute -INFO - Action Executed: VerifyElement
2018-09-11 17:28:12,791 - action.action_execute -INFO - Status of Action VerifyElement: 1
2018-09-11 17:28:12,791 - action.action_execute -INFO - log captured for action: VerifyElement
2018-09-11 17:28:12,791 - action.action_execute -INFO - checkout: Execution complete for Test case US_ID_01_TC_CityMarket_10
2018-09-11 17:28:12,791 - action.action_execute -INFO - checkout: Taking Screenshot for Test case US_ID_01_TC_CityMarket_10
2018-09-11 17:28:13,399 - action.action_execute -INFO - Writing output in excel file
2018-09-11 17:28:13,578 - action.action_execute -INFO - Output written
2018-09-11 17:28:13,579 - action.action_execute -INFO - checkout: Test case US_ID_01_TC_CityMarket_17 is executing
2018-09-11 17:28:13,628 - action.action_execute -INFO - Select Action: MoveToProductList
2018-09-11 17:28:13,629 - action.action_execute -INFO - Select Action: MoveToProductList
2018-09-11 17:28:13,629 - action.action_execute -INFO - Perform Action: Move To Product List
2018-09-11 17:28:19,899 - action.action_execute -INFO - User navigated to: Quick & Easy Food Solutions --> Ready to Eat
2018-09-11 17:28:19,899 - action.action_execute -INFO - Status of verify Category and Product on Home Page: 1
2018-09-11 17:28:19,900 - action.action_execute -INFO - Action Executed: MoveToProductList
2018-09-11 17:28:19,900 - action.action_execute -INFO - Status of Action MoveToProductList: 1
2018-09-11 17:28:19,900 - action.action_execute -INFO - log captured for action: MoveToProductList
2018-09-11 17:28:19,900 - action.action_execute -INFO - checkout: Execution complete for Test case US_ID_01_TC_CityMarket_17
2018-09-11 17:28:19,901 - action.action_execute -INFO - checkout: Taking Screenshot for Test case US_ID_01_TC_CityMarket_17
2018-09-11 17:28:20,241 - action.action_execute -INFO - Writing output in excel file
2018-09-11 17:28:20,402 - action.action_execute -INFO - Output written
2018-09-11 17:28:20,402 - action.action_execute -INFO - checkout: Test case US_ID_01_TC_CityMarket_18 is executing
2018-09-11 17:28:20,450 - action.action_execute -INFO - Select Action: MoveAndAddProduct
2018-09-11 17:28:20,450 - action.action_execute -INFO - Select Action: MoveAndAddProduct
2018-09-11 17:28:20,450 - action.action_execute -INFO - Perform Action: Move & Add Product
2018-09-11 17:28:41,065 - action.action_execute -INFO - Product Added
2018-09-11 17:28:41,065 - action.action_execute -INFO - Status of Product move and add: 1
2018-09-11 17:28:41,065 - action.action_execute -INFO - Action Executed: MoveAndAddProduct
2018-09-11 17:28:41,065 - action.action_execute -INFO - Status of Action MoveAndAddProduct: 1
2018-09-11 17:28:41,065 - action.action_execute -INFO - log captured for action: MoveAndAddProduct
2018-09-11 17:28:41,065 - action.action_execute -INFO - checkout: Execution complete for Test case US_ID_01_TC_CityMarket_18
2018-09-11 17:28:41,066 - action.action_execute -INFO - checkout: Taking Screenshot for Test case US_ID_01_TC_CityMarket_18
2018-09-11 17:28:41,398 - action.action_execute -INFO - Writing output in excel file
2018-09-11 17:28:41,493 - action.action_execute -INFO - Output written
2018-09-11 17:28:41,493 - action.action_execute -INFO - checkout: Test case US_ID_01_TC_CityMarket_19 is executing
2018-09-11 17:28:41,538 - action.action_execute -INFO - Select Action: MoveAndAddProduct
2018-09-11 17:28:41,538 - action.action_execute -INFO - Select Action: MoveAndAddProduct
2018-09-11 17:28:41,538 - action.action_execute -INFO - Perform Action: Move & Add Product
2018-09-11 17:28:56,328 - action.action_execute -INFO - Product Added
2018-09-11 17:28:56,328 - action.action_execute -INFO - Status of Product move and add: 1
2018-09-11 17:28:56,328 - action.action_execute -INFO - Action Executed: MoveAndAddProduct
2018-09-11 17:28:56,328 - action.action_execute -INFO - Status of Action MoveAndAddProduct: 1
2018-09-11 17:28:56,328 - action.action_execute -INFO - log captured for action: MoveAndAddProduct
2018-09-11 17:28:56,328 - action.action_execute -INFO - checkout: Execution complete for Test case US_ID_01_TC_CityMarket_19
2018-09-11 17:28:56,329 - action.action_execute -INFO - checkout: Taking Screenshot for Test case US_ID_01_TC_CityMarket_19
2018-09-11 17:28:56,624 - action.action_execute -INFO - Writing output in excel file
2018-09-11 17:28:56,695 - action.action_execute -INFO - Output written
2018-09-11 17:28:56,696 - action.action_execute -INFO - checkout: Test case US_ID_01_TC_CityMarket_20 is executing
2018-09-11 17:28:56,874 - action.action_execute -INFO - Select Action: MoveAndAddProduct
2018-09-11 17:28:56,874 - action.action_execute -INFO - Select Action: MoveAndAddProduct
2018-09-11 17:28:56,874 - action.action_execute -INFO - Perform Action: Move & Add Product
2018-09-11 17:29:20,127 - action.action_execute -INFO - Product Added
2018-09-11 17:29:20,127 - action.action_execute -INFO - Status of Product move and add: 1
2018-09-11 17:29:20,127 - action.action_execute -INFO - Action Executed: MoveAndAddProduct
2018-09-11 17:29:20,127 - action.action_execute -INFO - Status of Action MoveAndAddProduct: 1
2018-09-11 17:29:20,127 - action.action_execute -INFO - log captured for action: MoveAndAddProduct
2018-09-11 17:29:20,127 - action.action_execute -INFO - checkout: Execution complete for Test case US_ID_01_TC_CityMarket_20
2018-09-11 17:29:20,127 - action.action_execute -INFO - checkout: Taking Screenshot for Test case US_ID_01_TC_CityMarket_20
2018-09-11 17:29:20,440 - action.action_execute -INFO - Writing output in excel file
2018-09-11 17:29:20,512 - action.action_execute -INFO - Output written
2018-09-11 17:29:20,513 - action.action_execute -INFO - checkout: Test case US_ID_01_TC_CityMarket_21 is executing
2018-09-11 17:29:20,571 - action.action_execute -INFO - Select Action: MoveAndAddProduct
2018-09-11 17:29:20,571 - action.action_execute -INFO - Select Action: MoveAndAddProduct
2018-09-11 17:29:20,571 - action.action_execute -INFO - Perform Action: Move & Add Product
2018-09-11 17:29:35,843 - action.action_execute -INFO - Product Added
2018-09-11 17:29:35,843 - action.action_execute -INFO - Status of Product move and add: 1
2018-09-11 17:29:35,843 - action.action_execute -INFO - Action Executed: MoveAndAddProduct
2018-09-11 17:29:35,844 - action.action_execute -INFO - Status of Action MoveAndAddProduct: 1
2018-09-11 17:29:35,845 - action.action_execute -INFO - log captured for action: MoveAndAddProduct
2018-09-11 17:29:35,845 - action.action_execute -INFO - checkout: Execution complete for Test case US_ID_01_TC_CityMarket_21
2018-09-11 17:29:35,845 - action.action_execute -INFO - checkout: Taking Screenshot for Test case US_ID_01_TC_CityMarket_21
2018-09-11 17:29:36,147 - action.action_execute -INFO - Writing output in excel file
2018-09-11 17:29:36,231 - action.action_execute -INFO - Output written
2018-09-11 17:29:36,231 - action.action_execute -INFO - checkout: Test case US_ID_01_TC_CityMarket_22 is executing
2018-09-11 17:29:36,270 - action.action_execute -INFO - Select Action: MoveAndAddProduct
2018-09-11 17:29:36,271 - action.action_execute -INFO - Select Action: MoveAndAddProduct
2018-09-11 17:29:36,271 - action.action_execute -INFO - Perform Action: Move & Add Product
2018-09-11 17:30:03,069 - action.action_execute -INFO - Product Added
2018-09-11 17:30:03,069 - action.action_execute -INFO - Status of Product move and add: 1
2018-09-11 17:30:03,069 - action.action_execute -INFO - Action Executed: MoveAndAddProduct
2018-09-11 17:30:03,069 - action.action_execute -INFO - Status of Action MoveAndAddProduct: 1
2018-09-11 17:30:03,069 - action.action_execute -INFO - log captured for action: MoveAndAddProduct
2018-09-11 17:30:03,069 - action.action_execute -INFO - checkout: Execution complete for Test case US_ID_01_TC_CityMarket_22
2018-09-11 17:30:03,070 - action.action_execute -INFO - checkout: Taking Screenshot for Test case US_ID_01_TC_CityMarket_22
2018-09-11 17:30:03,367 - action.action_execute -INFO - Writing output in excel file
2018-09-11 17:30:03,483 - action.action_execute -INFO - Output written
2018-09-11 17:30:03,483 - action.action_execute -INFO - checkout: Test case US_ID_01_TC_CityMarket_23 is executing
2018-09-11 17:30:03,539 - action.action_execute -INFO - Select Action: MoveAndAddProduct
2018-09-11 17:30:03,540 - action.action_execute -INFO - Select Action: MoveAndAddProduct
2018-09-11 17:30:03,540 - action.action_execute -INFO - Perform Action: Move & Add Product
2018-09-11 17:30:22,054 - action.action_execute -INFO - Product Added
2018-09-11 17:30:22,054 - action.action_execute -INFO - Status of Product move and add: 1
2018-09-11 17:30:22,055 - action.action_execute -INFO - Action Executed: MoveAndAddProduct
2018-09-11 17:30:22,055 - action.action_execute -INFO - Status of Action MoveAndAddProduct: 1
2018-09-11 17:30:22,055 - action.action_execute -INFO - log captured for action: MoveAndAddProduct
2018-09-11 17:30:22,055 - action.action_execute -INFO - checkout: Execution complete for Test case US_ID_01_TC_CityMarket_23
2018-09-11 17:30:22,055 - action.action_execute -INFO - checkout: Taking Screenshot for Test case US_ID_01_TC_CityMarket_23
2018-09-11 17:30:22,352 - action.action_execute -INFO - Writing output in excel file
2018-09-11 17:30:22,431 - action.action_execute -INFO - Output written
2018-09-11 17:30:22,432 - action.action_execute -INFO - checkout: Test case US_ID_01_TC_CityMarket_24 is executing
2018-09-11 17:30:22,495 - action.action_execute -INFO - Select Action: MoveAndAddProduct
2018-09-11 17:30:22,496 - action.action_execute -INFO - Select Action: MoveAndAddProduct
2018-09-11 17:30:22,496 - action.action_execute -INFO - Perform Action: Move & Add Product
2018-09-11 17:30:47,125 - action.action_execute -INFO - Product Added
2018-09-11 17:30:47,126 - action.action_execute -INFO - Status of Product move and add: 1
2018-09-11 17:30:47,126 - action.action_execute -INFO - Action Executed: MoveAndAddProduct
2018-09-11 17:30:47,126 - action.action_execute -INFO - Status of Action MoveAndAddProduct: 1
2018-09-11 17:30:47,127 - action.action_execute -INFO - log captured for action: MoveAndAddProduct
2018-09-11 17:30:47,127 - action.action_execute -INFO - checkout: Execution complete for Test case US_ID_01_TC_CityMarket_24
2018-09-11 17:30:47,127 - action.action_execute -INFO - checkout: Taking Screenshot for Test case US_ID_01_TC_CityMarket_24
2018-09-11 17:30:47,435 - action.action_execute -INFO - Writing output in excel file
2018-09-11 17:30:47,556 - action.action_execute -INFO - Output written
2018-09-11 17:30:47,556 - action.action_execute -INFO - checkout: Test case US_ID_01_TC_CityMarket_25 is executing
2018-09-11 17:30:47,606 - action.action_execute -INFO - Select Action: MoveAndAddProduct
2018-09-11 17:30:47,606 - action.action_execute -INFO - Select Action: MoveAndAddProduct
2018-09-11 17:30:47,606 - action.action_execute -INFO - Perform Action: Move & Add Product
2018-09-11 17:31:09,175 - action.action_execute -INFO - Product Added
2018-09-11 17:31:09,175 - action.action_execute -INFO - Status of Product move and add: 1
2018-09-11 17:31:09,175 - action.action_execute -INFO - Action Executed: MoveAndAddProduct
2018-09-11 17:31:09,176 - action.action_execute -INFO - Status of Action MoveAndAddProduct: 1
2018-09-11 17:31:09,176 - action.action_execute -INFO - log captured for action: MoveAndAddProduct
2018-09-11 17:31:09,176 - action.action_execute -INFO - checkout: Execution complete for Test case US_ID_01_TC_CityMarket_25
2018-09-11 17:31:09,176 - action.action_execute -INFO - checkout: Taking Screenshot for Test case US_ID_01_TC_CityMarket_25
2018-09-11 17:31:09,478 - action.action_execute -INFO - Writing output in excel file
2018-09-11 17:31:09,541 - action.action_execute -INFO - Output written
2018-09-11 17:31:09,541 - action.action_execute -INFO - checkout: Test case US_ID_01_TC_CityMarket_26 is executing
2018-09-11 17:31:09,598 - action.action_execute -INFO - Select Action: MoveAndAddProduct
2018-09-11 17:31:09,598 - action.action_execute -INFO - Select Action: MoveAndAddProduct
2018-09-11 17:31:09,598 - action.action_execute -INFO - Perform Action: Move & Add Product
2018-09-11 17:31:27,847 - action.action_execute -INFO - Product Added
2018-09-11 17:31:27,848 - action.action_execute -INFO - Status of Product move and add: 1
2018-09-11 17:31:27,848 - action.action_execute -INFO - Action Executed: MoveAndAddProduct
2018-09-11 17:31:27,848 - action.action_execute -INFO - Status of Action MoveAndAddProduct: 1
2018-09-11 17:31:27,849 - action.action_execute -INFO - log captured for action: MoveAndAddProduct
2018-09-11 17:31:27,851 - action.action_execute -INFO - checkout: Execution complete for Test case US_ID_01_TC_CityMarket_26
2018-09-11 17:31:27,851 - action.action_execute -INFO - checkout: Taking Screenshot for Test case US_ID_01_TC_CityMarket_26
2018-09-11 17:31:28,146 - action.action_execute -INFO - Writing output in excel file
2018-09-11 17:31:28,230 - action.action_execute -INFO - Output written
2018-09-11 17:31:28,230 - action.action_execute -INFO - checkout: Test case US_ID_01_TC_CityMarket_27 is executing
2018-09-11 17:31:28,276 - action.action_execute -INFO - Select Action: MoveAndAddProduct
2018-09-11 17:31:28,276 - action.action_execute -INFO - Select Action: MoveAndAddProduct
2018-09-11 17:31:28,276 - action.action_execute -INFO - Perform Action: Move & Add Product
2018-09-11 17:31:43,102 - action.action_execute -INFO - Product Added
2018-09-11 17:31:43,102 - action.action_execute -INFO - Status of Product move and add: 1
2018-09-11 17:31:43,103 - action.action_execute -INFO - Action Executed: MoveAndAddProduct
2018-09-11 17:31:43,103 - action.action_execute -INFO - Status of Action MoveAndAddProduct: 1
2018-09-11 17:31:43,104 - action.action_execute -INFO - log captured for action: MoveAndAddProduct
2018-09-11 17:31:43,104 - action.action_execute -INFO - checkout: Execution complete for Test case US_ID_01_TC_CityMarket_27
2018-09-11 17:31:43,104 - action.action_execute -INFO - checkout: Taking Screenshot for Test case US_ID_01_TC_CityMarket_27
2018-09-11 17:31:43,406 - action.action_execute -INFO - Writing output in excel file
2018-09-11 17:31:43,491 - action.action_execute -INFO - Output written
2018-09-11 17:31:43,492 - action.action_execute -INFO - checkout: Test case US_ID_01_TC_CityMarket_28 is executing
2018-09-11 17:31:43,553 - action.action_execute -INFO - Select Action: MoveAndAddProduct
2018-09-11 17:31:43,553 - action.action_execute -INFO - Select Action: MoveAndAddProduct
2018-09-11 17:31:43,554 - action.action_execute -INFO - Perform Action: Move & Add Product
2018-09-11 17:32:05,052 - action.action_execute -INFO - Product Added
2018-09-11 17:32:05,053 - action.action_execute -INFO - Status of Product move and add: 1
2018-09-11 17:32:05,053 - action.action_execute -INFO - Action Executed: MoveAndAddProduct
2018-09-11 17:32:05,053 - action.action_execute -INFO - Status of Action MoveAndAddProduct: 1
2018-09-11 17:32:05,053 - action.action_execute -INFO - log captured for action: MoveAndAddProduct
2018-09-11 17:32:05,053 - action.action_execute -INFO - checkout: Execution complete for Test case US_ID_01_TC_CityMarket_28
2018-09-11 17:32:05,053 - action.action_execute -INFO - checkout: Taking Screenshot for Test case US_ID_01_TC_CityMarket_28
2018-09-11 17:32:05,369 - action.action_execute -INFO - Writing output in excel file
2018-09-11 17:32:05,450 - action.action_execute -INFO - Output written
2018-09-11 17:32:05,450 - action.action_execute -INFO - checkout: Test case US_ID_01_TC_CityMarket_29 is executing
2018-09-11 17:32:05,493 - action.action_execute -INFO - Select Action: Click
2018-09-11 17:32:05,493 - action.action_execute -INFO - Select Action: Click
2018-09-11 17:32:05,493 - action.action_execute -INFO - Perform Action: Click
2018-09-11 17:32:05,694 - action.action_execute -INFO - click perfomed
2018-09-11 17:32:05,694 - action.action_execute -INFO - Status of Click: 1
2018-09-11 17:32:05,695 - action.action_execute -INFO - Action Executed: Click
2018-09-11 17:32:05,695 - action.action_execute -INFO - Status of Action Click: 1
2018-09-11 17:32:05,695 - action.action_execute -INFO - log captured for action: Click
2018-09-11 17:32:05,695 - action.action_execute -INFO - checkout: Execution complete for Test case US_ID_01_TC_CityMarket_29
2018-09-11 17:32:05,695 - action.action_execute -INFO - checkout: Taking Screenshot for Test case US_ID_01_TC_CityMarket_29
2018-09-11 17:32:05,981 - action.action_execute -INFO - Writing output in excel file
2018-09-11 17:32:06,042 - action.action_execute -INFO - Output written
2018-09-11 17:32:06,042 - action.action_execute -INFO - checkout: Test case US_ID_01_TC_CityMarket_30 is executing
2018-09-11 17:32:06,086 - action.action_execute -INFO - Select Action: VerifyElement
2018-09-11 17:32:06,087 - action.action_execute -INFO - Select Action: VerifyElement
2018-09-11 17:32:06,087 - action.action_execute -INFO - Perform Action: verify Element
2018-09-11 17:32:06,171 - action.action_execute -INFO - Verify Element
2018-09-11 17:32:06,171 - action.action_execute -INFO - Status of verify Element: 1
2018-09-11 17:32:06,171 - action.action_execute -INFO - Action Executed: VerifyElement
2018-09-11 17:32:06,171 - action.action_execute -INFO - Status of Action VerifyElement: 1
2018-09-11 17:32:06,171 - action.action_execute -INFO - log captured for action: VerifyElement
2018-09-11 17:32:06,171 - action.action_execute -INFO - checkout: Execution complete for Test case US_ID_01_TC_CityMarket_30
2018-09-11 17:32:06,172 - action.action_execute -INFO - checkout: Taking Screenshot for Test case US_ID_01_TC_CityMarket_30
2018-09-11 17:32:06,478 - action.action_execute -INFO - Writing output in excel file
2018-09-11 17:32:06,605 - action.action_execute -INFO - Output written
2018-09-11 17:32:06,605 - action.action_execute -INFO - checkout: Test case US_ID_01_TC_CityMarket_31 is executing
2018-09-11 17:32:06,646 - action.action_execute -INFO - Select Action: Click
2018-09-11 17:32:06,646 - action.action_execute -INFO - Select Action: Click
2018-09-11 17:32:06,646 - action.action_execute -INFO - Perform Action: Click
2018-09-11 17:32:13,181 - action.action_execute -INFO - click perfomed
2018-09-11 17:32:13,182 - action.action_execute -INFO - Status of Click: 1
2018-09-11 17:32:13,182 - action.action_execute -INFO - Action Executed: Click
2018-09-11 17:32:13,182 - action.action_execute -INFO - Status of Action Click: 1
2018-09-11 17:32:13,182 - action.action_execute -INFO - log captured for action: Click
2018-09-11 17:32:13,182 - action.action_execute -INFO - checkout: Execution complete for Test case US_ID_01_TC_CityMarket_31
2018-09-11 17:32:13,183 - action.action_execute -INFO - checkout: Taking Screenshot for Test case US_ID_01_TC_CityMarket_31
2018-09-11 17:32:15,348 - action.action_execute -INFO - Writing output in excel file
2018-09-11 17:32:15,443 - action.action_execute -INFO - Output written
2018-09-11 17:32:15,444 - action.action_execute -INFO - checkout: Test case US_ID_01_TC_CityMarket_32 is executing
2018-09-11 17:32:15,523 - action.action_execute -INFO - Select Action: SelectSubstitute
2018-09-11 17:32:15,523 - action.action_execute -INFO - Select Action: SelectSubstitute
2018-09-11 17:32:15,524 - action.action_execute -INFO - Perform Action: Select Substitute
2018-09-11 17:32:24,941 - action.action_execute -INFO - Select Substitute done for Product: Mahler Refried Black Beans as Do Not Allow Substitute
2018-09-11 17:32:24,943 - action.action_execute -INFO - Status of select Product substitue: 1
2018-09-11 17:32:24,943 - action.action_execute -INFO - Action Executed: SelectSubstitute
2018-09-11 17:32:24,943 - action.action_execute -INFO - Status of Action SelectSubstitute: 1
2018-09-11 17:32:24,943 - action.action_execute -INFO - log captured for action: SelectSubstitute
2018-09-11 17:32:24,944 - action.action_execute -INFO - checkout: Execution complete for Test case US_ID_01_TC_CityMarket_32
2018-09-11 17:32:24,944 - action.action_execute -INFO - checkout: Taking Screenshot for Test case US_ID_01_TC_CityMarket_32
2018-09-11 17:32:25,229 - action.action_execute -INFO - Writing output in excel file
2018-09-11 17:32:25,335 - action.action_execute -INFO - Output written
2018-09-11 17:32:25,336 - action.action_execute -INFO - checkout: Test case US_ID_01_TC_CityMarket_33 is executing
2018-09-11 17:32:25,379 - action.action_execute -INFO - Select Action: SelectSubstitute
2018-09-11 17:32:25,379 - action.action_execute -INFO - Select Action: SelectSubstitute
2018-09-11 17:32:25,379 - action.action_execute -INFO - Perform Action: Select Substitute
2018-09-11 17:32:39,036 - action.action_execute -INFO - Select Substitute done for Product: Nissin Shrimp Flavor Cup Noodles as Allow Substitute
2018-09-11 17:32:39,037 - action.action_execute -INFO - Status of select Product substitue: 1
2018-09-11 17:32:39,037 - action.action_execute -INFO - Action Executed: SelectSubstitute
2018-09-11 17:32:39,037 - action.action_execute -INFO - Status of Action SelectSubstitute: 1
2018-09-11 17:32:39,037 - action.action_execute -INFO - log captured for action: SelectSubstitute
2018-09-11 17:32:39,037 - action.action_execute -INFO - checkout: Execution complete for Test case US_ID_01_TC_CityMarket_33
2018-09-11 17:32:39,037 - action.action_execute -INFO - checkout: Taking Screenshot for Test case US_ID_01_TC_CityMarket_33
2018-09-11 17:32:39,339 - action.action_execute -INFO - Writing output in excel file
2018-09-11 17:32:39,549 - action.action_execute -INFO - Output written
2018-09-11 17:32:39,549 - action.action_execute -INFO - checkout: Test case US_ID_01_TC_CityMarket_34 is executing
2018-09-11 17:32:39,598 - action.action_execute -INFO - Select Action: SelectSubstitute
2018-09-11 17:32:39,600 - action.action_execute -INFO - Select Action: SelectSubstitute
2018-09-11 17:32:39,600 - action.action_execute -INFO - Perform Action: Select Substitute
2018-09-11 17:32:53,178 - action.action_execute -INFO - Select Substitute done for Product: Nissin Shrimp Flavor Cup Noodles as Allow Substitute
2018-09-11 17:32:53,178 - action.action_execute -INFO - Status of select Product substitue: 1
2018-09-11 17:32:53,178 - action.action_execute -INFO - Action Executed: SelectSubstitute
2018-09-11 17:32:53,178 - action.action_execute -INFO - Status of Action SelectSubstitute: 1
2018-09-11 17:32:53,179 - action.action_execute -INFO - log captured for action: SelectSubstitute
2018-09-11 17:32:53,179 - action.action_execute -INFO - checkout: Execution complete for Test case US_ID_01_TC_CityMarket_34
2018-09-11 17:32:53,179 - action.action_execute -INFO - checkout: Taking Screenshot for Test case US_ID_01_TC_CityMarket_34
2018-09-11 17:32:53,476 - action.action_execute -INFO - Writing output in excel file
2018-09-11 17:32:53,575 - action.action_execute -INFO - Output written
2018-09-11 17:32:53,575 - action.action_execute -INFO - checkout: Test case US_ID_01_TC_CityMarket_35 is executing
2018-09-11 17:32:53,639 - action.action_execute -INFO - Select Action: SelectSubstitute
2018-09-11 17:32:53,639 - action.action_execute -INFO - Select Action: SelectSubstitute
2018-09-11 17:32:53,639 - action.action_execute -INFO - Perform Action: Select Substitute
2018-09-11 17:33:03,149 - action.action_execute -INFO - Select Substitute done for Product: Maruchan Instant Lunch Beef Flavor Ramen Noodles with Vegetables as Do Not Allow Substitute
2018-09-11 17:33:03,150 - action.action_execute -INFO - Status of select Product substitue: 1
2018-09-11 17:33:03,150 - action.action_execute -INFO - Action Executed: SelectSubstitute
2018-09-11 17:33:03,150 - action.action_execute -INFO - Status of Action SelectSubstitute: 1
2018-09-11 17:33:03,152 - action.action_execute -INFO - log captured for action: SelectSubstitute
2018-09-11 17:33:03,152 - action.action_execute -INFO - checkout: Execution complete for Test case US_ID_01_TC_CityMarket_35
2018-09-11 17:33:03,152 - action.action_execute -INFO - checkout: Taking Screenshot for Test case US_ID_01_TC_CityMarket_35
2018-09-11 17:33:03,442 - action.action_execute -INFO - Writing output in excel file
2018-09-11 17:33:03,522 - action.action_execute -INFO - Output written
2018-09-11 17:33:03,523 - action.action_execute -INFO - checkout: Test case US_ID_01_TC_CityMarket_36 is executing
2018-09-11 17:33:03,567 - action.action_execute -INFO - Select Action: SelectSubstitute
2018-09-11 17:33:03,568 - action.action_execute -INFO - Select Action: SelectSubstitute
2018-09-11 17:33:03,568 - action.action_execute -INFO - Perform Action: Select Substitute
2018-09-11 17:33:16,919 - action.action_execute -INFO - Select Substitute done for Product: Fud Salchichas De Pavo Turkey Franks as Allow Substitute
2018-09-11 17:33:16,919 - action.action_execute -INFO - Status of select Product substitue: 1
2018-09-11 17:33:16,919 - action.action_execute -INFO - Action Executed: SelectSubstitute
2018-09-11 17:33:16,919 - action.action_execute -INFO - Status of Action SelectSubstitute: 1
2018-09-11 17:33:16,919 - action.action_execute -INFO - log captured for action: SelectSubstitute
2018-09-11 17:33:16,919 - action.action_execute -INFO - checkout: Execution complete for Test case US_ID_01_TC_CityMarket_36
2018-09-11 17:33:16,919 - action.action_execute -INFO - checkout: Taking Screenshot for Test case US_ID_01_TC_CityMarket_36
2018-09-11 17:33:17,190 - action.action_execute -INFO - Writing output in excel file
2018-09-11 17:33:17,247 - action.action_execute -INFO - Output written
2018-09-11 17:33:17,247 - action.action_execute -INFO - checkout: Test case US_ID_01_TC_CityMarket_37 is executing
2018-09-11 17:33:17,291 - action.action_execute -INFO - Select Action: SelectSubstitute
2018-09-11 17:33:17,291 - action.action_execute -INFO - Select Action: SelectSubstitute
2018-09-11 17:33:17,291 - action.action_execute -INFO - Perform Action: Select Substitute
2018-09-11 17:33:30,513 - action.action_execute -INFO - Select Substitute done for Product: Maruchan Instant Lunch Beef Flavor Ramen Noodles with Vegetables as Allow Substitute
2018-09-11 17:33:30,513 - action.action_execute -INFO - Status of select Product substitue: 1
2018-09-11 17:33:30,513 - action.action_execute -INFO - Action Executed: SelectSubstitute
2018-09-11 17:33:30,513 - action.action_execute -INFO - Status of Action SelectSubstitute: 1
2018-09-11 17:33:30,513 - action.action_execute -INFO - log captured for action: SelectSubstitute
2018-09-11 17:33:30,513 - action.action_execute -INFO - checkout: Execution complete for Test case US_ID_01_TC_CityMarket_37
2018-09-11 17:33:30,513 - action.action_execute -INFO - checkout: Taking Screenshot for Test case US_ID_01_TC_CityMarket_37
2018-09-11 17:33:30,824 - action.action_execute -INFO - Writing output in excel file
2018-09-11 17:33:30,892 - action.action_execute -INFO - Output written
2018-09-11 17:33:30,892 - action.action_execute -INFO - checkout: Test case US_ID_01_TC_CityMarket_38 is executing
2018-09-11 17:33:30,926 - action.action_execute -INFO - Select Action: VerifySummaryViewCart
2018-09-11 17:33:30,926 - action.action_execute -INFO - Select Action: VerifySummaryViewCart
2018-09-11 17:33:30,926 - action.action_execute -INFO - Perform Action: DeleteProductfromViewCart
2018-09-11 17:33:39,139 - action.action_execute -INFO - Action Executed: VerifySummaryViewCart
2018-09-11 17:33:39,140 - action.action_execute -INFO - Status of Action VerifySummaryViewCart: 1
2018-09-11 17:33:39,140 - action.action_execute -INFO - log captured for action: VerifySummaryViewCart
2018-09-11 17:33:39,140 - action.action_execute -INFO - checkout: Execution complete for Test case US_ID_01_TC_CityMarket_38
2018-09-11 17:33:39,140 - action.action_execute -INFO - checkout: Taking Screenshot for Test case US_ID_01_TC_CityMarket_38
2018-09-11 17:33:39,400 - action.action_execute -INFO - Writing output in excel file
2018-09-11 17:33:39,451 - action.action_execute -INFO - Output written
2018-09-11 17:33:39,451 - action.action_execute -INFO - checkout: Test case US_ID_01_TC_CityMarket_39 is executing
2018-09-11 17:33:39,491 - action.action_execute -INFO - Select Action: Wait
2018-09-11 17:33:39,491 - action.action_execute -INFO - Select Action: Wait
2018-09-11 17:33:39,492 - action.action_execute -INFO - Perform Action: Wait
2018-09-11 17:33:44,497 - action.action_execute -INFO - Action Executed: Wait
2018-09-11 17:33:44,497 - action.action_execute -INFO - Status of Action Wait: 1
2018-09-11 17:33:44,497 - action.action_execute -INFO - log captured for action: Wait
2018-09-11 17:33:44,497 - action.action_execute -INFO - checkout: Execution complete for Test case US_ID_01_TC_CityMarket_39
2018-09-11 17:33:44,497 - action.action_execute -INFO - checkout: Taking Screenshot for Test case US_ID_01_TC_CityMarket_39
2018-09-11 17:33:44,756 - action.action_execute -INFO - Writing output in excel file
2018-09-11 17:33:44,797 - action.action_execute -INFO - Output written
2018-09-11 17:33:44,797 - action.action_execute -INFO - checkout: Test case US_ID_02_TC_CityMarket_01 is executing
2018-09-11 17:33:44,839 - action.action_execute -INFO - Select Action: Click
2018-09-11 17:33:44,840 - action.action_execute -INFO - Select Action: Click
2018-09-11 17:33:44,840 - action.action_execute -INFO - Perform Action: Click
2018-09-11 17:33:55,024 - action.action_execute -INFO - click perfomed
2018-09-11 17:33:55,024 - action.action_execute -INFO - Status of Click: 1
2018-09-11 17:33:55,024 - action.action_execute -INFO - Action Executed: Click
2018-09-11 17:33:55,024 - action.action_execute -INFO - Status of Action Click: 1
2018-09-11 17:33:55,025 - action.action_execute -INFO - log captured for action: Click
2018-09-11 17:33:55,025 - action.action_execute -INFO - checkout: Execution complete for Test case US_ID_02_TC_CityMarket_01
2018-09-11 17:33:55,025 - action.action_execute -INFO - checkout: Taking Screenshot for Test case US_ID_02_TC_CityMarket_01
2018-09-11 17:33:56,739 - action.action_execute -INFO - Writing output in excel file
2018-09-11 17:33:56,786 - action.action_execute -INFO - Output written
2018-09-11 17:33:56,786 - action.action_execute -INFO - checkout: Test case US_ID_02_TC_CityMarket_02 is executing
2018-09-11 17:33:56,843 - action.action_execute -INFO - Select Action: VerifyTitle
2018-09-11 17:33:56,843 - action.action_execute -INFO - Select Action: VerifyTitle
2018-09-11 17:33:56,843 - action.action_execute -INFO - Perform Action: verify Title
2018-09-11 17:33:56,850 - action.action_execute -INFO - title verified: Checkout
2018-09-11 17:33:56,851 - action.action_execute -INFO - Status of verify Title: 1
2018-09-11 17:33:56,851 - action.action_execute -INFO - Action Executed: VerifyTitle
2018-09-11 17:33:56,851 - action.action_execute -INFO - Status of Action VerifyTitle: 1
2018-09-11 17:33:56,851 - action.action_execute -INFO - log captured for action: VerifyTitle
2018-09-11 17:33:56,851 - action.action_execute -INFO - checkout: Execution complete for Test case US_ID_02_TC_CityMarket_02
2018-09-11 17:33:56,851 - action.action_execute -INFO - checkout: Taking Screenshot for Test case US_ID_02_TC_CityMarket_02
2018-09-11 17:33:57,111 - action.action_execute -INFO - Writing output in excel file
2018-09-11 17:33:57,159 - action.action_execute -INFO - Output written
2018-09-11 17:33:57,160 - action.action_execute -INFO - checkout: Test case US_ID_02_TC_CityMarket_03 is executing
2018-09-11 17:33:57,196 - action.action_execute -INFO - Select Action: Wait
2018-09-11 17:33:57,196 - action.action_execute -INFO - Select Action: Wait
2018-09-11 17:33:57,197 - action.action_execute -INFO - Perform Action: Wait
2018-09-11 17:34:03,198 - action.action_execute -INFO - Action Executed: Wait
2018-09-11 17:34:03,198 - action.action_execute -INFO - Status of Action Wait: 1
2018-09-11 17:34:03,199 - action.action_execute -INFO - log captured for action: Wait
2018-09-11 17:34:03,199 - action.action_execute -INFO - checkout: Execution complete for Test case US_ID_02_TC_CityMarket_03
2018-09-11 17:34:03,199 - action.action_execute -INFO - checkout: Taking Screenshot for Test case US_ID_02_TC_CityMarket_03
2018-09-11 17:34:03,502 - action.action_execute -INFO - Writing output in excel file
2018-09-11 17:34:03,586 - action.action_execute -INFO - Output written
2018-09-11 17:34:03,586 - action.action_execute -INFO - checkout: Test case US_ID_03_TC_CityMarket_01 is executing
2018-09-11 17:34:03,653 - action.action_execute -INFO - Select Action: Click
2018-09-11 17:34:03,654 - action.action_execute -INFO - Select Action: Click
2018-09-11 17:34:03,654 - action.action_execute -INFO - Perform Action: Click
2018-09-11 17:34:04,373 - action.action_execute -INFO - click perfomed
2018-09-11 17:34:04,374 - action.action_execute -INFO - Status of Click: 1
2018-09-11 17:34:04,374 - action.action_execute -INFO - Action Executed: Click
2018-09-11 17:34:04,374 - action.action_execute -INFO - Status of Action Click: 1
2018-09-11 17:34:04,374 - action.action_execute -INFO - log captured for action: Click
2018-09-11 17:34:04,374 - action.action_execute -INFO - checkout: Execution complete for Test case US_ID_03_TC_CityMarket_01
2018-09-11 17:34:04,374 - action.action_execute -INFO - checkout: Taking Screenshot for Test case US_ID_03_TC_CityMarket_01
2018-09-11 17:34:04,655 - action.action_execute -INFO - Writing output in excel file
2018-09-11 17:34:04,723 - action.action_execute -INFO - Output written
2018-09-11 17:34:04,724 - action.action_execute -INFO - checkout: Test case US_ID_03_TC_CityMarket_02 is executing
2018-09-11 17:34:04,784 - action.action_execute -INFO - Select Action: VerifyText
2018-09-11 17:34:04,784 - action.action_execute -INFO - Select Action: VerifyText
2018-09-11 17:34:04,784 - action.action_execute -INFO - Perform Action: Verify text
2018-09-11 17:34:08,156 - action.action_execute -INFO - Verify Element
2018-09-11 17:34:08,156 - action.action_execute -INFO - Status of verify Element: 1
2018-09-11 17:34:08,156 - action.action_execute -INFO - Action Executed: VerifyText
2018-09-11 17:34:08,156 - action.action_execute -INFO - Status of Action VerifyText: 1
2018-09-11 17:34:08,156 - action.action_execute -INFO - log captured for action: VerifyText
2018-09-11 17:34:08,156 - action.action_execute -INFO - checkout: Execution complete for Test case US_ID_03_TC_CityMarket_02
2018-09-11 17:34:08,156 - action.action_execute -INFO - checkout: Taking Screenshot for Test case US_ID_03_TC_CityMarket_02
2018-09-11 17:34:08,487 - action.action_execute -INFO - Writing output in excel file
2018-09-11 17:34:08,554 - action.action_execute -INFO - Output written
2018-09-11 17:34:08,554 - action.action_execute -INFO - checkout: Test case US_ID_04_TC_CityMarket_01 is executing
2018-09-11 17:34:08,624 - action.action_execute -INFO - Select Action: SetText
2018-09-11 17:34:08,625 - action.action_execute -INFO - Select Action: SetText
2018-09-11 17:34:08,628 - action.action_execute -INFO - Perform Action: SetText
2018-09-11 17:34:09,064 - action.action_execute -INFO - Text Entered
2018-09-11 17:34:09,064 - action.action_execute -INFO - Status of SetText: 1
2018-09-11 17:34:09,065 - action.action_execute -INFO - Action Executed: SetText
2018-09-11 17:34:09,065 - action.action_execute -INFO - Status of Action SetText: 1
2018-09-11 17:34:09,065 - action.action_execute -INFO - log captured for action: SetText
2018-09-11 17:34:09,065 - action.action_execute -INFO - checkout: Execution complete for Test case US_ID_04_TC_CityMarket_01
2018-09-11 17:34:09,065 - action.action_execute -INFO - checkout: Taking Screenshot for Test case US_ID_04_TC_CityMarket_01
2018-09-11 17:34:09,369 - action.action_execute -INFO - Writing output in excel file
2018-09-11 17:34:09,410 - action.action_execute -INFO - Output written
2018-09-11 17:34:09,410 - action.action_execute -INFO - checkout: Test case US_ID_04_TC_CityMarket_02 is executing
2018-09-11 17:34:09,459 - action.action_execute -INFO - Select Action: SetText
2018-09-11 17:34:09,459 - action.action_execute -INFO - Select Action: SetText
2018-09-11 17:34:09,459 - action.action_execute -INFO - Perform Action: SetText
2018-09-11 17:34:11,854 - action.action_execute -INFO - Text Entered
2018-09-11 17:34:11,855 - action.action_execute -INFO - Status of SetText: 1
2018-09-11 17:34:11,855 - action.action_execute -INFO - Action Executed: SetText
2018-09-11 17:34:11,855 - action.action_execute -INFO - Status of Action SetText: 1
2018-09-11 17:34:11,855 - action.action_execute -INFO - log captured for action: SetText
2018-09-11 17:34:11,855 - action.action_execute -INFO - checkout: Execution complete for Test case US_ID_04_TC_CityMarket_02
2018-09-11 17:34:11,855 - action.action_execute -INFO - checkout: Taking Screenshot for Test case US_ID_04_TC_CityMarket_02
2018-09-11 17:34:12,138 - action.action_execute -INFO - Writing output in excel file
2018-09-11 17:34:12,181 - action.action_execute -INFO - Output written
2018-09-11 17:34:12,181 - action.action_execute -INFO - checkout: Test case US_ID_04_TC_CityMarket_03 is executing
2018-09-11 17:34:12,224 - action.action_execute -INFO - Select Action: SetText
2018-09-11 17:34:12,225 - action.action_execute -INFO - Select Action: SetText
2018-09-11 17:34:12,225 - action.action_execute -INFO - Perform Action: SetText
2018-09-11 17:34:14,029 - action.action_execute -INFO - Text Entered
2018-09-11 17:34:14,029 - action.action_execute -INFO - Status of SetText: 1
2018-09-11 17:34:14,029 - action.action_execute -INFO - Action Executed: SetText
2018-09-11 17:34:14,029 - action.action_execute -INFO - Status of Action SetText: 1
2018-09-11 17:34:14,029 - action.action_execute -INFO - log captured for action: SetText
2018-09-11 17:34:14,030 - action.action_execute -INFO - checkout: Execution complete for Test case US_ID_04_TC_CityMarket_03
2018-09-11 17:34:14,030 - action.action_execute -INFO - checkout: Taking Screenshot for Test case US_ID_04_TC_CityMarket_03
2018-09-11 17:34:14,314 - action.action_execute -INFO - Writing output in excel file
2018-09-11 17:34:14,379 - action.action_execute -INFO - Output written
2018-09-11 17:34:14,379 - action.action_execute -INFO - checkout: Test case US_ID_04_TC_CityMarket_04 is executing
2018-09-11 17:34:14,423 - action.action_execute -INFO - Select Action: SetText
2018-09-11 17:34:14,423 - action.action_execute -INFO - Select Action: SetText
2018-09-11 17:34:14,423 - action.action_execute -INFO - Perform Action: SetText
2018-09-11 17:34:14,801 - action.action_execute -INFO - Text Entered
2018-09-11 17:34:14,801 - action.action_execute -INFO - Status of SetText: 1
2018-09-11 17:34:14,802 - action.action_execute -INFO - Action Executed: SetText
2018-09-11 17:34:14,802 - action.action_execute -INFO - Status of Action SetText: 1
2018-09-11 17:34:14,802 - action.action_execute -INFO - log captured for action: SetText
2018-09-11 17:34:14,802 - action.action_execute -INFO - checkout: Execution complete for Test case US_ID_04_TC_CityMarket_04
2018-09-11 17:34:14,802 - action.action_execute -INFO - checkout: Taking Screenshot for Test case US_ID_04_TC_CityMarket_04
2018-09-11 17:34:15,092 - action.action_execute -INFO - Writing output in excel file
2018-09-11 17:34:15,134 - action.action_execute -INFO - Output written
2018-09-11 17:34:15,134 - action.action_execute -INFO - checkout: Test case US_ID_04_TC_CityMarket_05 is executing
2018-09-11 17:34:15,188 - action.action_execute -INFO - Select Action: SetText
2018-09-11 17:34:15,188 - action.action_execute -INFO - Select Action: SetText
2018-09-11 17:34:15,188 - action.action_execute -INFO - Perform Action: SetText
2018-09-11 17:34:16,373 - action.action_execute -INFO - Text Entered
2018-09-11 17:34:16,373 - action.action_execute -INFO - Status of SetText: 1
2018-09-11 17:34:16,373 - action.action_execute -INFO - Action Executed: SetText
2018-09-11 17:34:16,373 - action.action_execute -INFO - Status of Action SetText: 1
2018-09-11 17:34:16,373 - action.action_execute -INFO - log captured for action: SetText
2018-09-11 17:34:16,373 - action.action_execute -INFO - checkout: Execution complete for Test case US_ID_04_TC_CityMarket_05
2018-09-11 17:34:16,373 - action.action_execute -INFO - checkout: Taking Screenshot for Test case US_ID_04_TC_CityMarket_05
2018-09-11 17:34:16,639 - action.action_execute -INFO - Writing output in excel file
2018-09-11 17:34:16,696 - action.action_execute -INFO - Output written
2018-09-11 17:34:16,696 - action.action_execute -INFO - checkout: Test case US_ID_04_TC_CityMarket_06 is executing
2018-09-11 17:34:16,736 - action.action_execute -INFO - Select Action: Wait
2018-09-11 17:34:16,737 - action.action_execute -INFO - Select Action: Wait
2018-09-11 17:34:16,737 - action.action_execute -INFO - Perform Action: Wait
2018-09-11 17:34:22,738 - action.action_execute -INFO - Action Executed: Wait
2018-09-11 17:34:22,738 - action.action_execute -INFO - Status of Action Wait: 1
2018-09-11 17:34:22,738 - action.action_execute -INFO - log captured for action: Wait
2018-09-11 17:34:22,738 - action.action_execute -INFO - checkout: Execution complete for Test case US_ID_04_TC_CityMarket_06
2018-09-11 17:34:22,738 - action.action_execute -INFO - checkout: Taking Screenshot for Test case US_ID_04_TC_CityMarket_06
2018-09-11 17:34:23,036 - action.action_execute -INFO - Writing output in excel file
2018-09-11 17:34:23,091 - action.action_execute -INFO - Output written
2018-09-11 17:34:23,091 - action.action_execute -INFO - checkout: Test case US_ID_05_TC_CityMarket_01 is executing
2018-09-11 17:34:23,127 - action.action_execute -INFO - Select Action: SetText
2018-09-11 17:34:23,127 - action.action_execute -INFO - Select Action: SetText
2018-09-11 17:34:23,127 - action.action_execute -INFO - Perform Action: SetText
2018-09-11 17:34:23,388 - action.action_execute -INFO - Text Entered
2018-09-11 17:34:23,388 - action.action_execute -INFO - Status of SetText: 1
2018-09-11 17:34:23,388 - action.action_execute -INFO - Action Executed: SetText
2018-09-11 17:34:23,388 - action.action_execute -INFO - Status of Action SetText: 1
2018-09-11 17:34:23,388 - action.action_execute -INFO - log captured for action: SetText
2018-09-11 17:34:23,388 - action.action_execute -INFO - checkout: Execution complete for Test case US_ID_05_TC_CityMarket_01
2018-09-11 17:34:23,388 - action.action_execute -INFO - checkout: Taking Screenshot for Test case US_ID_05_TC_CityMarket_01
2018-09-11 17:34:24,761 - action.action_execute -INFO - Writing output in excel file
2018-09-11 17:34:24,825 - action.action_execute -INFO - Output written
2018-09-11 17:34:24,826 - action.action_execute -INFO - checkout: Test case US_ID_05_TC_CityMarket_02 is executing
2018-09-11 17:34:24,871 - action.action_execute -INFO - Select Action: Wait
2018-09-11 17:34:24,871 - action.action_execute -INFO - Select Action: Wait
2018-09-11 17:34:24,872 - action.action_execute -INFO - Perform Action: Wait
2018-09-11 17:34:30,873 - action.action_execute -INFO - Action Executed: Wait
2018-09-11 17:34:30,873 - action.action_execute -INFO - Status of Action Wait: 1
2018-09-11 17:34:30,873 - action.action_execute -INFO - log captured for action: Wait
2018-09-11 17:34:30,873 - action.action_execute -INFO - checkout: Execution complete for Test case US_ID_05_TC_CityMarket_02
2018-09-11 17:34:30,874 - action.action_execute -INFO - checkout: Taking Screenshot for Test case US_ID_05_TC_CityMarket_02
2018-09-11 17:34:31,447 - action.action_execute -INFO - Writing output in excel file
2018-09-11 17:34:31,730 - action.action_execute -INFO - Output written
2018-09-11 17:34:31,730 - action.action_execute -INFO - checkout: Test case US_ID_05_TC_CityMarket_03 is executing
2018-09-11 17:34:31,765 - action.action_execute -INFO - Select Action: VerifyElement
2018-09-11 17:34:31,765 - action.action_execute -INFO - Select Action: VerifyElement
2018-09-11 17:34:31,765 - action.action_execute -INFO - Perform Action: verify Element
2018-09-11 17:34:32,683 - action.action_execute -INFO - Verify Element
2018-09-11 17:34:32,683 - action.action_execute -INFO - Status of verify Element: 1
2018-09-11 17:34:32,683 - action.action_execute -INFO - Action Executed: VerifyElement
2018-09-11 17:34:32,683 - action.action_execute -INFO - Status of Action VerifyElement: 1
2018-09-11 17:34:32,683 - action.action_execute -INFO - log captured for action: VerifyElement
2018-09-11 17:34:32,683 - action.action_execute -INFO - checkout: Execution complete for Test case US_ID_05_TC_CityMarket_03
2018-09-11 17:34:32,684 - action.action_execute -INFO - checkout: Taking Screenshot for Test case US_ID_05_TC_CityMarket_03
2018-09-11 17:34:32,956 - action.action_execute -INFO - Writing output in excel file
2018-09-11 17:34:33,009 - action.action_execute -INFO - Output written
2018-09-11 17:34:33,010 - action.action_execute -INFO - checkout: Test case US_ID_06_TC_CityMarket_01 is executing
2018-09-11 17:34:33,051 - action.action_execute -INFO - Select Action: SelectSlot
2018-09-11 17:34:33,051 - action.action_execute -INFO - Select Action: SelectSlot
2018-09-11 17:34:33,051 - action.action_execute -INFO - Perform Action: Select Slot
2018-09-11 17:45:22,319 - action.action_execute -INFO - Select Action: SelectSlot
2018-09-11 17:45:22,320 - action.action_execute -INFO - Select Action: SelectSlot
2018-09-11 17:45:22,320 - action.action_execute -INFO - Perform Action: Select Slot
2018-09-11 17:46:24,793 - action.action_execute -INFO - Select Action: SelectSlot
2018-09-11 17:46:24,796 - action.action_execute -INFO - Select Action: SelectSlot
2018-09-11 17:46:24,796 - action.action_execute -INFO - Perform Action: Select Slot
2018-09-11 17:48:36,376 - action.action_execute -INFO - Slot Selected: 12 Sep 10:00 AM-12:00 PM
2018-09-11 17:48:41,965 - action.action_execute -INFO - Status of select Product substitue: 1
2018-09-11 17:48:42,653 - action.action_execute -INFO - Action Executed: SelectSlot
2018-09-11 17:48:42,655 - action.action_execute -INFO - Status of Action SelectSlot: 1
2018-09-11 17:48:42,655 - action.action_execute -INFO - log captured for action: SelectSlot
2018-09-11 17:48:42,655 - action.action_execute -INFO - checkout: Execution complete for Test case US_ID_06_TC_CityMarket_01
2018-09-11 17:48:42,655 - action.action_execute -INFO - checkout: Taking Screenshot for Test case US_ID_06_TC_CityMarket_01
2018-09-11 17:48:43,247 - action.action_execute -INFO - Writing output in excel file
2018-09-11 17:48:43,324 - action.action_execute -INFO - Output written
2018-09-11 17:48:43,325 - action.action_execute -INFO - checkout: Test case US_ID_07_TC_CityMarket_01 is executing
2018-09-11 17:48:43,367 - action.action_execute -INFO - Select Action: Click
2018-09-11 17:48:43,367 - action.action_execute -INFO - Select Action: Click
2018-09-11 17:48:43,367 - action.action_execute -INFO - Perform Action: Click
2018-09-11 17:48:43,862 - action.action_execute -INFO - click perfomed
2018-09-11 17:48:43,863 - action.action_execute -INFO - Status of Click: 1
2018-09-11 17:48:43,863 - action.action_execute -INFO - Action Executed: Click
2018-09-11 17:48:43,863 - action.action_execute -INFO - Status of Action Click: 1
2018-09-11 17:48:43,863 - action.action_execute -INFO - log captured for action: Click
2018-09-11 17:48:43,863 - action.action_execute -INFO - checkout: Execution complete for Test case US_ID_07_TC_CityMarket_01
2018-09-11 17:48:43,863 - action.action_execute -INFO - checkout: Taking Screenshot for Test case US_ID_07_TC_CityMarket_01
2018-09-11 17:48:47,457 - action.action_execute -INFO - Writing output in excel file
2018-09-11 17:48:47,536 - action.action_execute -INFO - Output written
2018-09-11 17:48:47,537 - action.action_execute -INFO - checkout: Test case US_ID_08_TC_CityMarket_01 is executing
2018-09-11 17:48:47,599 - action.action_execute -INFO - Select Action: Click
2018-09-11 17:48:47,599 - action.action_execute -INFO - Select Action: Click
2018-09-11 17:48:47,599 - action.action_execute -INFO - Perform Action: Click
2018-09-11 17:48:47,991 - action.action_execute -INFO - click perfomed
2018-09-11 17:48:47,991 - action.action_execute -INFO - Status of Click: 1
2018-09-11 17:48:47,991 - action.action_execute -INFO - Action Executed: Click
2018-09-11 17:48:47,992 - action.action_execute -INFO - Status of Action Click: 1
2018-09-11 17:48:47,992 - action.action_execute -INFO - log captured for action: Click
2018-09-11 17:48:47,992 - action.action_execute -INFO - checkout: Execution complete for Test case US_ID_08_TC_CityMarket_01
2018-09-11 17:48:47,992 - action.action_execute -INFO - checkout: Taking Screenshot for Test case US_ID_08_TC_CityMarket_01
2018-09-11 17:48:48,506 - action.action_execute -INFO - Writing output in excel file
2018-09-11 17:48:48,594 - action.action_execute -INFO - Output written
2018-09-11 17:48:48,595 - action.action_execute -INFO - checkout: Test case US_ID_08_TC_CityMarket_02 is executing
2018-09-11 17:48:48,682 - action.action_execute -INFO - Select Action: VerifyText
2018-09-11 17:48:48,683 - action.action_execute -INFO - Select Action: VerifyText
2018-09-11 17:48:48,683 - action.action_execute -INFO - Perform Action: Verify text
2018-09-11 17:48:50,820 - action.action_execute -INFO - Verify Element
2018-09-11 17:48:50,820 - action.action_execute -INFO - Status of verify Element: 1
2018-09-11 17:48:50,820 - action.action_execute -INFO - Action Executed: VerifyText
2018-09-11 17:48:50,820 - action.action_execute -INFO - Status of Action VerifyText: 1
2018-09-11 17:48:50,821 - action.action_execute -INFO - log captured for action: VerifyText
2018-09-11 17:48:50,821 - action.action_execute -INFO - checkout: Execution complete for Test case US_ID_08_TC_CityMarket_02
2018-09-11 17:48:50,821 - action.action_execute -INFO - checkout: Taking Screenshot for Test case US_ID_08_TC_CityMarket_02
2018-09-11 17:48:51,097 - action.action_execute -INFO - Writing output in excel file
2018-09-11 17:48:51,160 - action.action_execute -INFO - Output written
2018-09-11 17:48:51,160 - action.action_execute -INFO - checkout: Test case US_ID_09_TC_CityMarket_01 is executing
2018-09-11 17:48:51,232 - action.action_execute -INFO - Select Action: Click
2018-09-11 17:48:51,233 - action.action_execute -INFO - Select Action: Click
2018-09-11 17:48:51,233 - action.action_execute -INFO - Perform Action: Click
2018-09-11 17:48:57,141 - action.action_execute -INFO - click perfomed
2018-09-11 17:48:57,141 - action.action_execute -INFO - Status of Click: 1
2018-09-11 17:48:57,141 - action.action_execute -INFO - Action Executed: Click
2018-09-11 17:48:57,141 - action.action_execute -INFO - Status of Action Click: 1
2018-09-11 17:48:57,141 - action.action_execute -INFO - log captured for action: Click
2018-09-11 17:48:57,141 - action.action_execute -INFO - checkout: Execution complete for Test case US_ID_09_TC_CityMarket_01
2018-09-11 17:48:57,142 - action.action_execute -INFO - checkout: Taking Screenshot for Test case US_ID_09_TC_CityMarket_01
2018-09-11 17:48:57,689 - action.action_execute -INFO - Writing output in excel file
2018-09-11 17:48:57,744 - action.action_execute -INFO - Output written
2018-09-11 17:48:57,745 - action.action_execute -INFO - checkout: Test case US_ID_09_TC_CityMarket_02 is executing
2018-09-11 17:48:57,812 - action.action_execute -INFO - Select Action: DeleteProductfromViewCart
2018-09-11 17:48:57,812 - action.action_execute -INFO - Select Action: DeleteProductfromViewCart
2018-09-11 17:48:57,812 - action.action_execute -INFO - Perform Action: DeleteProductfromViewCart
2018-09-11 17:49:05,081 - action.action_execute -INFO - Product Delete
2018-09-11 17:49:05,081 - action.action_execute -INFO - Status of DeleteProductfromViewCart: 1
2018-09-11 17:49:11,690 - action.action_execute -INFO - Product Delete
2018-09-11 17:49:11,690 - action.action_execute -INFO - Status of DeleteProductfromViewCart: 1
2018-09-11 17:49:16,915 - action.action_execute -INFO - Product Delete
2018-09-11 17:49:16,916 - action.action_execute -INFO - Status of DeleteProductfromViewCart: 1
2018-09-11 17:49:24,306 - action.action_execute -INFO - Product Delete
2018-09-11 17:49:24,306 - action.action_execute -INFO - Status of DeleteProductfromViewCart: 1
2018-09-11 17:49:29,709 - action.action_execute -INFO - Product Delete
2018-09-11 17:49:29,709 - action.action_execute -INFO - Status of DeleteProductfromViewCart: 1
2018-09-11 17:49:34,764 - action.action_execute -INFO - Product Delete
2018-09-11 17:49:34,764 - action.action_execute -INFO - Status of DeleteProductfromViewCart: 1
2018-09-11 17:49:34,764 - action.action_execute -INFO - Action Executed: DeleteProductfromViewCart
2018-09-11 17:49:34,764 - action.action_execute -INFO - Status of Action DeleteProductfromViewCart: 1
2018-09-11 17:49:34,764 - action.action_execute -INFO - log captured for action: DeleteProductfromViewCart
2018-09-11 17:49:34,765 - action.action_execute -INFO - checkout: Execution complete for Test case US_ID_09_TC_CityMarket_02
2018-09-11 17:49:34,765 - action.action_execute -INFO - checkout: Taking Screenshot for Test case US_ID_09_TC_CityMarket_02
2018-09-11 17:49:39,878 - action.action_execute -INFO - Writing output in excel file
2018-09-11 17:49:39,990 - action.action_execute -INFO - Output written
2018-09-11 17:49:39,990 - action.action_execute -INFO - checkout: Test case US_ID_09_TC_CityMarket_03 is executing
2018-09-11 17:49:40,045 - action.action_execute -INFO - Select Action: Click
2018-09-11 17:49:40,045 - action.action_execute -INFO - Select Action: Click
2018-09-11 17:49:40,046 - action.action_execute -INFO - Perform Action: Click
2018-09-11 17:49:40,197 - action.action_execute -INFO - click perfomed
2018-09-11 17:49:40,198 - action.action_execute -INFO - Status of Click: 1
2018-09-11 17:49:40,198 - action.action_execute -INFO - Action Executed: Click
2018-09-11 17:49:40,198 - action.action_execute -INFO - Status of Action Click: 1
2018-09-11 17:49:40,198 - action.action_execute -INFO - log captured for action: Click
2018-09-11 17:49:40,198 - action.action_execute -INFO - checkout: Execution complete for Test case US_ID_09_TC_CityMarket_03
2018-09-11 17:49:40,198 - action.action_execute -INFO - checkout: Taking Screenshot for Test case US_ID_09_TC_CityMarket_03
2018-09-11 17:49:40,610 - action.action_execute -INFO - Writing output in excel file
2018-09-11 17:49:40,655 - action.action_execute -INFO - Output written
2018-09-11 17:49:40,656 - action.action_execute -INFO - checkout: Test case US_ID_09_TC_CityMarket_04 is executing
2018-09-11 17:49:40,698 - action.action_execute -INFO - Select Action: Click
2018-09-11 17:49:40,699 - action.action_execute -INFO - Select Action: Click
2018-09-11 17:49:40,699 - action.action_execute -INFO - Perform Action: Click
2018-09-11 17:49:43,760 - action.action_execute -INFO - click perfomed
2018-09-11 17:49:43,761 - action.action_execute -INFO - Status of Click: 1
2018-09-11 17:49:43,761 - action.action_execute -INFO - Action Executed: Click
2018-09-11 17:49:43,761 - action.action_execute -INFO - Status of Action Click: 1
2018-09-11 17:49:43,761 - action.action_execute -INFO - log captured for action: Click
2018-09-11 17:49:43,761 - action.action_execute -INFO - checkout: Execution complete for Test case US_ID_09_TC_CityMarket_04
2018-09-11 17:49:43,762 - action.action_execute -INFO - checkout: Taking Screenshot for Test case US_ID_09_TC_CityMarket_04
2018-09-11 17:49:44,766 - action.action_execute -INFO - Writing output in excel file
2018-09-11 17:49:44,815 - action.action_execute -INFO - Output written
2018-09-11 17:49:44,815 - action.action_execute -INFO - checkout: Test case US_ID_09_TC_CityMarket_05 is executing
2018-09-11 17:49:44,864 - action.action_execute -INFO - Select Action: Wait
2018-09-11 17:49:44,864 - action.action_execute -INFO - Select Action: Wait
2018-09-11 17:49:44,864 - action.action_execute -INFO - Perform Action: Wait
2018-09-11 17:49:50,865 - action.action_execute -INFO - Action Executed: Wait
2018-09-11 17:49:50,888 - action.action_execute -INFO - Status of Action Wait: 1
2018-09-11 17:49:50,888 - action.action_execute -INFO - log captured for action: Wait
2018-09-11 17:49:50,889 - action.action_execute -INFO - checkout: Execution complete for Test case US_ID_09_TC_CityMarket_05
2018-09-11 17:49:50,889 - action.action_execute -INFO - checkout: Taking Screenshot for Test case US_ID_09_TC_CityMarket_05
2018-09-11 17:49:51,352 - action.action_execute -INFO - Writing output in excel file
2018-09-11 17:49:51,407 - action.action_execute -INFO - Output written
2018-09-11 17:49:51,408 - action.action_execute -INFO - checkout: Test case US_ID_09_TC_CityMarket_06 is executing
2018-09-11 17:49:51,477 - action.action_execute -INFO - Select Action: VerifyElement
2018-09-11 17:49:51,478 - action.action_execute -INFO - Select Action: VerifyElement
2018-09-11 17:49:51,478 - action.action_execute -INFO - Perform Action: verify Element
2018-09-11 17:49:51,803 - action.action_execute -INFO - Verify Element
2018-09-11 17:49:51,803 - action.action_execute -INFO - Status of verify Element: 1
2018-09-11 17:49:51,803 - action.action_execute -INFO - Action Executed: VerifyElement
2018-09-11 17:49:51,803 - action.action_execute -INFO - Status of Action VerifyElement: 1
2018-09-11 17:49:51,803 - action.action_execute -INFO - log captured for action: VerifyElement
2018-09-11 17:49:51,803 - action.action_execute -INFO - checkout: Execution complete for Test case US_ID_09_TC_CityMarket_06
2018-09-11 17:49:51,803 - action.action_execute -INFO - checkout: Taking Screenshot for Test case US_ID_09_TC_CityMarket_06
2018-09-11 17:49:52,252 - action.action_execute -INFO - Writing output in excel file
2018-09-11 17:49:52,302 - action.action_execute -INFO - Output written
2018-09-11 17:49:53,071 - action.action_execute -INFO - Execution Start for: User Sign In
2018-09-11 17:49:53,136 - reader_writer.excelWriter -INFO - get Data set from excel test cases
2018-09-11 17:49:53,150 - reader_writer.excelWriter -INFO - Data set Successfully loaded on system for User Login Suit
2018-09-11 17:49:53,151 - reader_writer.excelWriter -INFO - Start Execution of loaded data set
2018-09-11 17:49:53,151 - reader_writer.excelWriter -INFO - Test case US_ID_01_TC_CityMarket_01 is executing
2018-09-11 17:49:53,201 - action.action_execute -INFO - Select Action: CloseBrowser
2018-09-11 17:49:53,201 - action.action_execute -INFO - Select Action: CloseBrowser
2018-09-11 17:49:53,201 - action.action_execute -INFO - Perform Action: Close Browser
2018-09-11 17:49:55,314 - action.action_execute -INFO - Browser Closed successfully
2018-09-11 17:49:55,314 - action.action_execute -INFO - Status of Close Browser: 1
2018-09-11 17:49:55,314 - action.action_execute -INFO - Action Executed: CloseBrowser
2018-09-11 17:49:55,315 - action.action_execute -INFO - Status of Action CloseBrowser: 1
2018-09-11 17:49:55,315 - action.action_execute -INFO - log captured for action: CloseBrowser
2018-09-11 17:49:55,316 - action.action_execute -INFO - Execution complete for Test case US_ID_01_TC_CityMarket_01
2018-09-11 17:49:55,316 - action.action_execute -INFO - Writing output in excel file
2018-09-11 17:49:55,352 - action.action_execute -INFO - Output written
2018-09-11 17:49:55,352 - action.action_execute -INFO - Test case US_ID_01_TC_CityMarket_02 is executing
2018-09-11 17:49:55,396 - action.action_execute -INFO - Select Action: QuitDriver
2018-09-11 17:49:55,397 - action.action_execute -INFO - Action Quit Driver Selected
2018-09-11 17:49:55,397 - action.action_execute -INFO - Perform Action: Quit Driver
2018-09-11 17:49:55,484 - action.action_execute -INFO - Execution Done
