2018-09-05 16:08:32,267 [main] INFO suit.close_browser - *********************Execution Start for: suit.open_browser************************
2018-09-05 16:08:32,310 [main] INFO reader_writer.excelWriter - *************************Prepare Data Set for suit.open_browser from excel com.aislend.OpenBrowser.xlsx *******************************************************************
2018-09-05 16:08:32,960 [main] INFO reader_writer.excelWriter - *************************** Data set Ready for suit.open_browser ***************************************
2018-09-05 16:08:32,961 [main] INFO reader_writer.excelWriter - ******************************* Intializing Recorder *************************************
2018-09-05 16:08:33,103 [main] INFO reader_writer.excelWriter - ************************************** Start Execution suit.open_browser *********************************************
2018-09-05 16:08:33,107 [main] INFO reader_writer.excelWriter - suit.open_browser: Test case US_ID_01_TC_CityMarket_01 is executing
2018-09-05 16:08:33,159 [main] INFO action.action_execute - Select Action: OpenBrowser
2018-09-05 16:08:33,159 [main] INFO action.action_execute - Action Selected: OpenBrowser
2018-09-05 16:08:33,160 [main] INFO action.action_execute - Perform Action: Open Browser
2018-09-05 16:08:33,160 [main] INFO action.action_execute - Open Browser: Chrome
2018-09-05 16:08:33,161 [main] INFO action.action_execute - Set Configuration for Browser: Chrome
2018-09-05 16:08:33,285 [main] INFO action.action_execute - Creating object for browserChrome
2018-09-05 16:08:36,771 [main] INFO action.action_execute - Browser Opened successfully: Chrome
2018-09-05 16:08:36,772 [main] INFO action.action_execute - Deleting all cookies for: Chrome
2018-09-05 16:08:38,547 [main] INFO action.action_execute - Status of Open Browser: 1
2018-09-05 16:08:38,548 [main] INFO action.action_execute - Action Executed: OpenBrowser
2018-09-05 16:08:38,550 [main] INFO action.action_execute - Status of Action OpenBrowser: 1
2018-09-05 16:08:38,550 [main] INFO action.action_execute - log captured for action: OpenBrowser
2018-09-05 16:08:38,550 [main] INFO action.action_execute - suit.open_browser: Execution complete for Test case US_ID_01_TC_CityMarket_01
2018-09-05 16:08:38,551 [main] INFO action.action_execute - suit.open_browser: Taking Screenshot for Test case US_ID_01_TC_CityMarket_01
2018-09-05 16:08:38,888 [main] INFO action.action_execute - Writing output in excel file
2018-09-05 16:08:39,227 [main] INFO action.action_execute - Output written
2018-09-05 16:08:39,244 [main] INFO action.action_execute - suit.open_browser: Test case US_ID_01_TC_CityMarket_02 is executing
2018-09-05 16:08:39,280 [main] INFO action.action_execute - Select Action: GetURL
2018-09-05 16:08:39,281 [main] INFO action.action_execute - Select Action: GetURL
2018-09-05 16:08:39,281 [main] INFO action.action_execute - Perform Action: Get URL
2018-09-05 16:08:53,900 [main] INFO action.action_execute - URL opened Successfully: https://www.citymarketnorwalk.com/
2018-09-05 16:08:53,901 [main] INFO action.action_execute - Status of Get URL: 1
2018-09-05 16:08:53,901 [main] INFO action.action_execute - Action Executed: GetURL
2018-09-05 16:08:53,902 [main] INFO action.action_execute - Status of Action GetURL: 1
2018-09-05 16:08:53,902 [main] INFO action.action_execute - log captured for action: GetURL
2018-09-05 16:08:53,902 [main] INFO action.action_execute - suit.open_browser: Execution complete for Test case US_ID_01_TC_CityMarket_02
2018-09-05 16:08:53,902 [main] INFO action.action_execute - suit.open_browser: Taking Screenshot for Test case US_ID_01_TC_CityMarket_02
2018-09-05 16:08:54,366 [main] INFO action.action_execute - Writing output in excel file
2018-09-05 16:08:54,539 [main] INFO action.action_execute - Output written
2018-09-05 16:08:54,540 [main] INFO action.action_execute - suit.open_browser: Test case US_ID_01_TC_CityMarket_03 is executing
2018-09-05 16:08:54,579 [main] INFO action.action_execute - Select Action: Click
2018-09-05 16:08:54,580 [main] INFO action.action_execute - Select Action: Click
2018-09-05 16:08:54,580 [main] INFO action.action_execute - Perform Action: Click
2018-09-05 16:08:54,747 [main] INFO action.action_execute - click perfomed
2018-09-05 16:08:54,748 [main] INFO action.action_execute - Status of Click: 1
2018-09-05 16:08:54,748 [main] INFO action.action_execute - Action Executed: Click
2018-09-05 16:08:54,748 [main] INFO action.action_execute - Status of Action Click: 1
2018-09-05 16:08:54,748 [main] INFO action.action_execute - log captured for action: Click
2018-09-05 16:08:54,749 [main] INFO action.action_execute - suit.open_browser: Execution complete for Test case US_ID_01_TC_CityMarket_03
2018-09-05 16:08:54,749 [main] INFO action.action_execute - suit.open_browser: Taking Screenshot for Test case US_ID_01_TC_CityMarket_03
2018-09-05 16:08:55,252 [main] INFO action.action_execute - Writing output in excel file
2018-09-05 16:08:55,441 [main] INFO action.action_execute - Output written
2018-09-05 16:08:55,441 [main] INFO action.action_execute - suit.open_browser: Test case US_ID_01_TC_CityMarket_04 is executing
2018-09-05 16:08:55,513 [main] INFO action.action_execute - Select Action: VerifyBrokenLink
2018-09-05 16:08:55,513 [main] INFO action.action_execute - Select Action: VerifyBrokenLink
2018-09-05 16:08:55,521 [main] INFO action.action_execute - Perform Action: Verify Mini Cart
2018-09-05 16:11:03,804 [main] ERROR action.action_execute - https://www.citymarketnorwalk.com/catalogsearch/advanced/ is a broken link
2018-09-05 16:15:18,455 [main] ERROR action.action_execute - https://www.instagram.com/citymarketnorwalk/ is a broken link
